<?xml version="1.0" encoding="UTF-8"?>
<testsuites name="UserManagement" time="189" tests="4" failures="1" errors="0">
   <testsuite name="UserManagement" tests="4" failures="1" errors="0" time="189" timestamp="2019-03-29 10:12:20" hostname="pshukla - 10.230.80.88" id="Test Suites/UserManagement">
      <properties>
         <property name="deviceName" value=""/>
         <property name="devicePlatform" value=""/>
         <property name="logFolder" value="/Users/pshukla/Documents/Katalon Studio/qa-templates/Reports/UserManagement/20190329_101209"/>
         <property name="logFiles" value="/Users/pshukla/Documents/Katalon Studio/qa-templates/Reports/UserManagement/20190329_101209/execution0.log"/>
         <property name="attachments" value="/Users/pshukla/Documents/Katalon Studio/qa-templates/Reports/UserManagement/20190329_101209/1553879662966.png"/>
         <property name="hostName" value="pshukla - 10.230.80.88"/>
         <property name="os" value="Mac OS X 64bit"/>
         <property name="katalonVersion" value="6.0.5.4"/>
         <property name="browser" value="Firefox 65.0"/>
         <property name="hostAddress" value="10.230.80.88"/>
         <property name="sessionId" value="3547b30a-ad1b-dc42-a2e1-25aed4bdd11e"/>
         <property name="seleniumVersion" value="3.7.1"/>
         <property name="proxyInformation" value="ProxyInformation{proxyOption=NO_PROXY, proxyServerType=HTTP, password=, proxyServerAddress=, proxyServerPort=0}"/>
         <property name="platform" value="Mac OS X"/>
      </properties>
      <testcase name="Test Cases/Products/UserManagement/CreateUser" classname="Test Cases/Products/UserManagement/CreateUser" status="PASSED">
         <system-out><![CDATA[2019-03-29 10:12:21 - [TEST_CASE][PASSED] - Test Cases/Products/UserManagement/CreateUser: Test Cases/Products/UserManagement/CreateUser

2019-03-29 10:12:21 - [TEST_STEP][PASSED] - comment("Open browser to User Management App. and Create User"): Open browser to User Management App. and Create User

2019-03-29 10:12:21 - [MESSAGE][INFO] - Open browser to User Management App. and Create User

2019-03-29 10:12:21 - [TEST_STEP][PASSED] - callTestCase(findTestCase("Products/Cerberus/Login-Logout/UserMgmtLoginNC"), [:], STOP_ON_FAILURE): Call Test Case 'Test Cases/Products/Cerberus/Login-Logout/UserMgmtLoginNC' successfully

2019-03-29 10:12:21 - [TEST_CASE][PASSED] - Test Cases/Products/Cerberus/Login-Logout/UserMgmtLoginNC: Test Cases/Products/Cerberus/Login-Logout/UserMgmtLoginNC

2019-03-29 10:12:21 - [TEST_STEP][PASSED] - log = new com.kms.katalon.core.logging.KeywordLogger(): null

2019-03-29 10:12:21 - [TEST_STEP][PASSED] - comment("Open browser and Login"): Open browser and Login

2019-03-29 10:12:21 - [MESSAGE][INFO] - Open browser and Login

2019-03-29 10:12:21 - [TEST_STEP][PASSED] - openBrowser(G_DefaultSiteURL): Browser is opened with url: 'https://dev.kubra.io'

2019-03-29 10:12:21 - [MESSAGE][INFO] - Starting 'Firefox' driver

2019-03-29 10:12:21 - [MESSAGE][INFO] - Action delay is set to 0 seconds

2019-03-29 10:12:25 - [MESSAGE][PASSED] - Browser is opened with url: 'https://dev.kubra.io'

2019-03-29 10:12:25 - [TEST_STEP][PASSED] - waitForPageLoad(G_ShortTimeout): Wait for page load successfully

2019-03-29 10:12:25 - [MESSAGE][PASSED] - Wait for page load successfully

2019-03-29 10:12:25 - [TEST_STEP][PASSED] - maximizeWindow(): Current window maximized

2019-03-29 10:12:26 - [MESSAGE][PASSED] - Current window maximized

2019-03-29 10:12:26 - [TEST_STEP][PASSED] - log.logWarning("--- Begin Login ---"): --- Begin Login ---

2019-03-29 10:12:26 - [MESSAGE][WARNING] - --- Begin Login ---

2019-03-29 10:12:26 - [TEST_STEP][PASSED] - log.logWarning("Logging in to environment - " + G_DefaultSiteURL): Logging in to environment - https://dev.kubra.io

2019-03-29 10:12:26 - [MESSAGE][WARNING] - Logging in to environment - https://dev.kubra.io

2019-03-29 10:12:26 - [TEST_STEP][PASSED] - waitForElementClickable(findTestObject("Products/Cerberus/LoginLogout/LogInWithGoogle"), 15): Object 'Object Repository/Products/Cerberus/LoginLogout/LogInWithGoogle' is clickable

2019-03-29 10:12:26 - [MESSAGE][PASSED] - Object 'Object Repository/Products/Cerberus/LoginLogout/LogInWithGoogle' is clickable

2019-03-29 10:12:26 - [TEST_STEP][PASSED] - delay(2): Delayed 2 second(s)

2019-03-29 10:12:28 - [MESSAGE][PASSED] - Delayed 2 second(s)

2019-03-29 10:12:28 - [TEST_STEP][PASSED] - click(findTestObject("Products/Cerberus/LoginLogout/LogInWithGoogle")): Object: 'Object Repository/Products/Cerberus/LoginLogout/LogInWithGoogle' is clicked on

2019-03-29 10:12:30 - [MESSAGE][PASSED] - Object: 'Object Repository/Products/Cerberus/LoginLogout/LogInWithGoogle' is clicked on

2019-03-29 10:12:30 - [TEST_STEP][PASSED] - waitForElementVisible(findTestObject("Products/Cerberus/LoginLogout/UserName"), 15): Object 'Object Repository/Products/Cerberus/LoginLogout/UserName' is visible

2019-03-29 10:12:30 - [MESSAGE][PASSED] - Object 'Object Repository/Products/Cerberus/LoginLogout/UserName' is visible

2019-03-29 10:12:30 - [TEST_STEP][PASSED] - setMaskedText(findTestObject("Products/Cerberus/LoginLogout/UserName"), "tempeqa@kubra.com"): Text '*****************' is set on object 'Object Repository/Products/Cerberus/LoginLogout/UserName'

2019-03-29 10:12:31 - [MESSAGE][PASSED] - Text '*****************' is set on object 'Object Repository/Products/Cerberus/LoginLogout/UserName'

2019-03-29 10:12:31 - [TEST_STEP][PASSED] - waitForElementVisible(findTestObject("Products/Cerberus/LoginLogout/UserNameNextButton"), 15): Object 'Object Repository/Products/Cerberus/LoginLogout/UserNameNextButton' is visible

2019-03-29 10:12:31 - [MESSAGE][PASSED] - Object 'Object Repository/Products/Cerberus/LoginLogout/UserNameNextButton' is visible

2019-03-29 10:12:31 - [TEST_STEP][PASSED] - click(findTestObject("Products/Cerberus/LoginLogout/UserNameNextButton")): Object: 'Object Repository/Products/Cerberus/LoginLogout/UserNameNextButton' is clicked on

2019-03-29 10:12:31 - [MESSAGE][PASSED] - Object: 'Object Repository/Products/Cerberus/LoginLogout/UserNameNextButton' is clicked on

2019-03-29 10:12:31 - [TEST_STEP][PASSED] - waitForElementVisible(findTestObject("Products/Cerberus/LoginLogout/Password"), 15): Object 'Object Repository/Products/Cerberus/LoginLogout/Password' is visible

2019-03-29 10:12:32 - [MESSAGE][PASSED] - Object 'Object Repository/Products/Cerberus/LoginLogout/Password' is visible

2019-03-29 10:12:32 - [TEST_STEP][PASSED] - setMaskedText(findTestObject("Products/Cerberus/LoginLogout/Password"), "qAisgr8!@"): Text '*********' is set on object 'Object Repository/Products/Cerberus/LoginLogout/Password'

2019-03-29 10:12:32 - [MESSAGE][PASSED] - Text '*********' is set on object 'Object Repository/Products/Cerberus/LoginLogout/Password'

2019-03-29 10:12:32 - [TEST_STEP][PASSED] - waitForElementClickable(findTestObject("Products/Cerberus/LoginLogout/PasswordNextButton"), 15): Object 'Object Repository/Products/Cerberus/LoginLogout/PasswordNextButton' is clickable

2019-03-29 10:12:32 - [MESSAGE][PASSED] - Object 'Object Repository/Products/Cerberus/LoginLogout/PasswordNextButton' is clickable

2019-03-29 10:12:32 - [TEST_STEP][PASSED] - click(findTestObject("Products/Cerberus/LoginLogout/PasswordNextButton")): Object: 'Object Repository/Products/Cerberus/LoginLogout/PasswordNextButton' is clicked on

2019-03-29 10:12:35 - [MESSAGE][PASSED] - Object: 'Object Repository/Products/Cerberus/LoginLogout/PasswordNextButton' is clicked on

2019-03-29 10:12:35 - [TEST_STEP][PASSED] - delay(5): Delayed 5 second(s)

2019-03-29 10:12:40 - [MESSAGE][PASSED] - Delayed 5 second(s)

2019-03-29 10:12:40 - [TEST_STEP][PASSED] - waitForElementClickable(findTestObject("Products/Cerberus/LoginLogout/TenantABCCompany"), 15): Object 'Object Repository/Products/Cerberus/LoginLogout/TenantABCCompany' is clickable

2019-03-29 10:12:40 - [MESSAGE][PASSED] - Object 'Object Repository/Products/Cerberus/LoginLogout/TenantABCCompany' is clickable

2019-03-29 10:12:40 - [TEST_STEP][PASSED] - click(findTestObject("Products/Cerberus/LoginLogout/TenantABCCompany")): Object: 'Object Repository/Products/Cerberus/LoginLogout/TenantABCCompany' is clicked on

2019-03-29 10:12:40 - [MESSAGE][PASSED] - Object: 'Object Repository/Products/Cerberus/LoginLogout/TenantABCCompany' is clicked on

2019-03-29 10:12:40 - [TEST_STEP][PASSED] - verifyElementText(findTestObject("Products/Cerberus/LoginLogout/TenantABCCompany"), "ABC Utility Company"): Actual text and expected text of test object 'Object Repository/Products/Cerberus/LoginLogout/TenantABCCompany' are matched.

2019-03-29 10:12:40 - [MESSAGE][PASSED] - Actual text and expected text of test object 'Object Repository/Products/Cerberus/LoginLogout/TenantABCCompany' are matched.

2019-03-29 10:12:40 - [TEST_STEP][PASSED] - waitForElementClickable(findTestObject("Products/Cerberus/LoginLogout/TenantSubmitButton"), 15): Object 'Object Repository/Products/Cerberus/LoginLogout/TenantSubmitButton' is clickable

2019-03-29 10:12:40 - [MESSAGE][PASSED] - Object 'Object Repository/Products/Cerberus/LoginLogout/TenantSubmitButton' is clickable

2019-03-29 10:12:40 - [TEST_STEP][PASSED] - click(findTestObject("Products/Cerberus/LoginLogout/TenantSubmitButton")): Object: 'Object Repository/Products/Cerberus/LoginLogout/TenantSubmitButton' is clicked on

2019-03-29 10:12:41 - [MESSAGE][PASSED] - Object: 'Object Repository/Products/Cerberus/LoginLogout/TenantSubmitButton' is clicked on

2019-03-29 10:12:41 - [TEST_STEP][PASSED] - click(findTestObject("Products/Cerberus/LoginLogout/UserMgmtCog")): Object: 'Object Repository/Products/Cerberus/LoginLogout/UserMgmtCog' is clicked on

2019-03-29 10:12:41 - [MESSAGE][PASSED] - Object: 'Object Repository/Products/Cerberus/LoginLogout/UserMgmtCog' is clicked on

2019-03-29 10:12:41 - [TEST_STEP][PASSED] - delay(2): Delayed 2 second(s)

2019-03-29 10:12:43 - [MESSAGE][PASSED] - Delayed 2 second(s)

2019-03-29 10:12:43 - [TEST_STEP][PASSED] - verifyTextPresent("User Management Dashboard", false): Text 'User Management Dashboard' is present on page 

2019-03-29 10:12:43 - [MESSAGE][PASSED] - Text 'User Management Dashboard' is present on page 

2019-03-29 10:12:43 - [MESSAGE][PASSED] - Call Test Case 'Test Cases/Products/Cerberus/Login-Logout/UserMgmtLoginNC' successfully

2019-03-29 10:12:43 - [TEST_STEP][PASSED] - waitForPageLoad(G_ShortTimeout): Wait for page load successfully

2019-03-29 10:12:43 - [MESSAGE][PASSED] - Wait for page load successfully

2019-03-29 10:12:43 - [TEST_STEP][PASSED] - comment("Create User"): Create User

2019-03-29 10:12:43 - [MESSAGE][INFO] - Create User

2019-03-29 10:12:43 - [TEST_STEP][PASSED] - verifyTextPresent("User Management Dashboard", false): Text 'User Management Dashboard' is present on page 

2019-03-29 10:12:43 - [MESSAGE][PASSED] - Text 'User Management Dashboard' is present on page 

2019-03-29 10:12:43 - [TEST_STEP][PASSED] - waitForElementClickable(findTestObject("Products/UserManagement/CreateUserAccount"), 15): Object 'Object Repository/Products/UserManagement/CreateUserAccount' is clickable

2019-03-29 10:12:44 - [MESSAGE][PASSED] - Object 'Object Repository/Products/UserManagement/CreateUserAccount' is clickable

2019-03-29 10:12:44 - [TEST_STEP][PASSED] - click(findTestObject("Products/UserManagement/CreateUserAccount")): Object: 'Object Repository/Products/UserManagement/CreateUserAccount' is clicked on

2019-03-29 10:12:44 - [MESSAGE][PASSED] - Object: 'Object Repository/Products/UserManagement/CreateUserAccount' is clicked on

2019-03-29 10:12:44 - [TEST_STEP][PASSED] - verifyTextPresent("Create User Account", false): Text 'Create User Account' is present on page 

2019-03-29 10:12:44 - [MESSAGE][PASSED] - Text 'Create User Account' is present on page 

2019-03-29 10:12:44 - [TEST_STEP][PASSED] - waitForElementClickable(findTestObject("Products/UserManagement/Name"), 15): Object 'Object Repository/Products/UserManagement/Name' is clickable

2019-03-29 10:12:44 - [MESSAGE][PASSED] - Object 'Object Repository/Products/UserManagement/Name' is clickable

2019-03-29 10:12:44 - [TEST_STEP][PASSED] - setText(findTestObject("Products/UserManagement/Name"), "01-QAUser99"): Text '01-QAUser99' is set on object 'Object Repository/Products/UserManagement/Name'

2019-03-29 10:12:44 - [MESSAGE][PASSED] - Text '01-QAUser99' is set on object 'Object Repository/Products/UserManagement/Name'

2019-03-29 10:12:44 - [TEST_STEP][PASSED] - setText(findTestObject("Products/UserManagement/Email"), "01qauser99@kubra.com"): Text '01qauser99@kubra.com' is set on object 'Object Repository/Products/UserManagement/Email'

2019-03-29 10:12:44 - [MESSAGE][PASSED] - Text '01qauser99@kubra.com' is set on object 'Object Repository/Products/UserManagement/Email'

2019-03-29 10:12:44 - [TEST_STEP][PASSED] - setEncryptedText(findTestObject("Products/UserManagement/Password"), "ondo5HWRPO/HqnDYAr/Deg=="): Text ****** has been set on object 'Object Repository/Products/UserManagement/Password'

2019-03-29 10:12:44 - [MESSAGE][PASSED] - Text ****** has been set on object 'Object Repository/Products/UserManagement/Password'

2019-03-29 10:12:44 - [TEST_STEP][PASSED] - setEncryptedText(findTestObject("Products/UserManagement/PasswordConfirmation"), "ondo5HWRPO/HqnDYAr/Deg=="): Text ****** has been set on object 'Object Repository/Products/UserManagement/PasswordConfirmation'

2019-03-29 10:12:44 - [MESSAGE][PASSED] - Text ****** has been set on object 'Object Repository/Products/UserManagement/PasswordConfirmation'

2019-03-29 10:12:44 - [TEST_STEP][PASSED] - click(findTestObject("Products/UserManagement/SelectPermissions")): Object: 'Object Repository/Products/UserManagement/SelectPermissions' is clicked on

2019-03-29 10:12:45 - [MESSAGE][PASSED] - Object: 'Object Repository/Products/UserManagement/SelectPermissions' is clicked on

2019-03-29 10:12:45 - [TEST_STEP][PASSED] - delay(4): Delayed 4 second(s)

2019-03-29 10:12:49 - [MESSAGE][PASSED] - Delayed 4 second(s)

2019-03-29 10:12:49 - [TEST_STEP][PASSED] - click(findTestObject("Products/UserManagement/StormCenterInstanceAdmin")): Object: 'Object Repository/Products/UserManagement/StormCenterInstanceAdmin' is clicked on

2019-03-29 10:12:49 - [MESSAGE][PASSED] - Object: 'Object Repository/Products/UserManagement/StormCenterInstanceAdmin' is clicked on

2019-03-29 10:12:49 - [TEST_STEP][PASSED] - click(findTestObject("Products/UserManagement/SaveButton")): Object: 'Object Repository/Products/UserManagement/SaveButton' is clicked on

2019-03-29 10:12:49 - [MESSAGE][PASSED] - Object: 'Object Repository/Products/UserManagement/SaveButton' is clicked on

2019-03-29 10:12:49 - [TEST_STEP][PASSED] - waitForElementClickable(findTestObject("Products/UserManagement/CreateUserAccount"), 15): Object 'Object Repository/Products/UserManagement/CreateUserAccount' is clickable

2019-03-29 10:12:50 - [MESSAGE][PASSED] - Object 'Object Repository/Products/UserManagement/CreateUserAccount' is clickable

2019-03-29 10:12:50 - [TEST_STEP][PASSED] - verifyTextPresent("Manage Users", false): Text 'Manage Users' is present on page 

2019-03-29 10:12:50 - [MESSAGE][PASSED] - Text 'Manage Users' is present on page 

2019-03-29 10:12:50 - [TEST_STEP][PASSED] - closeBrowser(): Browser is closed

2019-03-29 10:12:50 - [MESSAGE][PASSED] - Browser is closed

2019-03-29 10:12:50 - [TEST_STEP][PASSED] - delay(4): Delayed 4 second(s)

2019-03-29 10:12:54 - [MESSAGE][PASSED] - Delayed 4 second(s)]]></system-out>
         <system-err><![CDATA[]]></system-err>
      </testcase>
      <testcase name="Test Cases/Products/UserManagement/ExistingUser" classname="Test Cases/Products/UserManagement/ExistingUser" status="PASSED">
         <system-out><![CDATA[2019-03-29 10:12:54 - [TEST_CASE][PASSED] - Test Cases/Products/UserManagement/ExistingUser: Test Cases/Products/UserManagement/ExistingUser

2019-03-29 10:12:54 - [TEST_STEP][PASSED] - comment("Open browser to User Management App. and Create User"): Open browser to User Management App. and Create User

2019-03-29 10:12:54 - [MESSAGE][INFO] - Open browser to User Management App. and Create User

2019-03-29 10:12:54 - [TEST_STEP][PASSED] - callTestCase(findTestCase("Products/Cerberus/Login-Logout/UserMgmtLoginNC"), [:], STOP_ON_FAILURE): Call Test Case 'Test Cases/Products/Cerberus/Login-Logout/UserMgmtLoginNC' successfully

2019-03-29 10:12:54 - [TEST_CASE][PASSED] - Test Cases/Products/Cerberus/Login-Logout/UserMgmtLoginNC: Test Cases/Products/Cerberus/Login-Logout/UserMgmtLoginNC

2019-03-29 10:12:54 - [TEST_STEP][PASSED] - log = new com.kms.katalon.core.logging.KeywordLogger(): null

2019-03-29 10:12:54 - [TEST_STEP][PASSED] - comment("Open browser and Login"): Open browser and Login

2019-03-29 10:12:54 - [MESSAGE][INFO] - Open browser and Login

2019-03-29 10:12:54 - [TEST_STEP][PASSED] - openBrowser(G_DefaultSiteURL): Browser is opened with url: 'https://dev.kubra.io'

2019-03-29 10:12:54 - [MESSAGE][INFO] - Starting 'Firefox' driver

2019-03-29 10:12:58 - [MESSAGE][PASSED] - Browser is opened with url: 'https://dev.kubra.io'

2019-03-29 10:12:58 - [TEST_STEP][PASSED] - waitForPageLoad(G_ShortTimeout): Wait for page load successfully

2019-03-29 10:12:58 - [MESSAGE][PASSED] - Wait for page load successfully

2019-03-29 10:12:58 - [TEST_STEP][PASSED] - maximizeWindow(): Current window maximized

2019-03-29 10:12:58 - [MESSAGE][PASSED] - Current window maximized

2019-03-29 10:12:58 - [TEST_STEP][PASSED] - log.logWarning("--- Begin Login ---"): --- Begin Login ---

2019-03-29 10:12:58 - [MESSAGE][WARNING] - --- Begin Login ---

2019-03-29 10:12:58 - [TEST_STEP][PASSED] - log.logWarning("Logging in to environment - " + G_DefaultSiteURL): Logging in to environment - https://dev.kubra.io

2019-03-29 10:12:58 - [MESSAGE][WARNING] - Logging in to environment - https://dev.kubra.io

2019-03-29 10:12:58 - [TEST_STEP][PASSED] - waitForElementClickable(findTestObject("Products/Cerberus/LoginLogout/LogInWithGoogle"), 15): Object 'Object Repository/Products/Cerberus/LoginLogout/LogInWithGoogle' is clickable

2019-03-29 10:12:59 - [MESSAGE][PASSED] - Object 'Object Repository/Products/Cerberus/LoginLogout/LogInWithGoogle' is clickable

2019-03-29 10:12:59 - [TEST_STEP][PASSED] - delay(2): Delayed 2 second(s)

2019-03-29 10:13:01 - [MESSAGE][PASSED] - Delayed 2 second(s)

2019-03-29 10:13:01 - [TEST_STEP][PASSED] - click(findTestObject("Products/Cerberus/LoginLogout/LogInWithGoogle")): Object: 'Object Repository/Products/Cerberus/LoginLogout/LogInWithGoogle' is clicked on

2019-03-29 10:13:02 - [MESSAGE][PASSED] - Object: 'Object Repository/Products/Cerberus/LoginLogout/LogInWithGoogle' is clicked on

2019-03-29 10:13:02 - [TEST_STEP][PASSED] - waitForElementVisible(findTestObject("Products/Cerberus/LoginLogout/UserName"), 15): Object 'Object Repository/Products/Cerberus/LoginLogout/UserName' is visible

2019-03-29 10:13:03 - [MESSAGE][PASSED] - Object 'Object Repository/Products/Cerberus/LoginLogout/UserName' is visible

2019-03-29 10:13:03 - [TEST_STEP][PASSED] - setMaskedText(findTestObject("Products/Cerberus/LoginLogout/UserName"), "tempeqa@kubra.com"): Text '*****************' is set on object 'Object Repository/Products/Cerberus/LoginLogout/UserName'

2019-03-29 10:13:03 - [MESSAGE][PASSED] - Text '*****************' is set on object 'Object Repository/Products/Cerberus/LoginLogout/UserName'

2019-03-29 10:13:03 - [TEST_STEP][PASSED] - waitForElementVisible(findTestObject("Products/Cerberus/LoginLogout/UserNameNextButton"), 15): Object 'Object Repository/Products/Cerberus/LoginLogout/UserNameNextButton' is visible

2019-03-29 10:13:03 - [MESSAGE][PASSED] - Object 'Object Repository/Products/Cerberus/LoginLogout/UserNameNextButton' is visible

2019-03-29 10:13:03 - [TEST_STEP][PASSED] - click(findTestObject("Products/Cerberus/LoginLogout/UserNameNextButton")): Object: 'Object Repository/Products/Cerberus/LoginLogout/UserNameNextButton' is clicked on

2019-03-29 10:13:03 - [MESSAGE][PASSED] - Object: 'Object Repository/Products/Cerberus/LoginLogout/UserNameNextButton' is clicked on

2019-03-29 10:13:03 - [TEST_STEP][PASSED] - waitForElementVisible(findTestObject("Products/Cerberus/LoginLogout/Password"), 15): Object 'Object Repository/Products/Cerberus/LoginLogout/Password' is visible

2019-03-29 10:13:04 - [MESSAGE][PASSED] - Object 'Object Repository/Products/Cerberus/LoginLogout/Password' is visible

2019-03-29 10:13:04 - [TEST_STEP][PASSED] - setMaskedText(findTestObject("Products/Cerberus/LoginLogout/Password"), "qAisgr8!@"): Text '*********' is set on object 'Object Repository/Products/Cerberus/LoginLogout/Password'

2019-03-29 10:13:04 - [MESSAGE][PASSED] - Text '*********' is set on object 'Object Repository/Products/Cerberus/LoginLogout/Password'

2019-03-29 10:13:04 - [TEST_STEP][PASSED] - waitForElementClickable(findTestObject("Products/Cerberus/LoginLogout/PasswordNextButton"), 15): Object 'Object Repository/Products/Cerberus/LoginLogout/PasswordNextButton' is clickable

2019-03-29 10:13:04 - [MESSAGE][PASSED] - Object 'Object Repository/Products/Cerberus/LoginLogout/PasswordNextButton' is clickable

2019-03-29 10:13:04 - [TEST_STEP][PASSED] - click(findTestObject("Products/Cerberus/LoginLogout/PasswordNextButton")): Object: 'Object Repository/Products/Cerberus/LoginLogout/PasswordNextButton' is clicked on

2019-03-29 10:13:07 - [MESSAGE][PASSED] - Object: 'Object Repository/Products/Cerberus/LoginLogout/PasswordNextButton' is clicked on

2019-03-29 10:13:07 - [TEST_STEP][PASSED] - delay(5): Delayed 5 second(s)

2019-03-29 10:13:12 - [MESSAGE][PASSED] - Delayed 5 second(s)

2019-03-29 10:13:12 - [TEST_STEP][PASSED] - waitForElementClickable(findTestObject("Products/Cerberus/LoginLogout/TenantABCCompany"), 15): Object 'Object Repository/Products/Cerberus/LoginLogout/TenantABCCompany' is clickable

2019-03-29 10:13:12 - [MESSAGE][PASSED] - Object 'Object Repository/Products/Cerberus/LoginLogout/TenantABCCompany' is clickable

2019-03-29 10:13:12 - [TEST_STEP][PASSED] - click(findTestObject("Products/Cerberus/LoginLogout/TenantABCCompany")): Object: 'Object Repository/Products/Cerberus/LoginLogout/TenantABCCompany' is clicked on

2019-03-29 10:13:13 - [MESSAGE][PASSED] - Object: 'Object Repository/Products/Cerberus/LoginLogout/TenantABCCompany' is clicked on

2019-03-29 10:13:13 - [TEST_STEP][PASSED] - verifyElementText(findTestObject("Products/Cerberus/LoginLogout/TenantABCCompany"), "ABC Utility Company"): Actual text and expected text of test object 'Object Repository/Products/Cerberus/LoginLogout/TenantABCCompany' are matched.

2019-03-29 10:13:13 - [MESSAGE][PASSED] - Actual text and expected text of test object 'Object Repository/Products/Cerberus/LoginLogout/TenantABCCompany' are matched.

2019-03-29 10:13:13 - [TEST_STEP][PASSED] - waitForElementClickable(findTestObject("Products/Cerberus/LoginLogout/TenantSubmitButton"), 15): Object 'Object Repository/Products/Cerberus/LoginLogout/TenantSubmitButton' is clickable

2019-03-29 10:13:13 - [MESSAGE][PASSED] - Object 'Object Repository/Products/Cerberus/LoginLogout/TenantSubmitButton' is clickable

2019-03-29 10:13:13 - [TEST_STEP][PASSED] - click(findTestObject("Products/Cerberus/LoginLogout/TenantSubmitButton")): Object: 'Object Repository/Products/Cerberus/LoginLogout/TenantSubmitButton' is clicked on

2019-03-29 10:13:13 - [MESSAGE][PASSED] - Object: 'Object Repository/Products/Cerberus/LoginLogout/TenantSubmitButton' is clicked on

2019-03-29 10:13:13 - [TEST_STEP][PASSED] - click(findTestObject("Products/Cerberus/LoginLogout/UserMgmtCog")): Object: 'Object Repository/Products/Cerberus/LoginLogout/UserMgmtCog' is clicked on

2019-03-29 10:13:14 - [MESSAGE][PASSED] - Object: 'Object Repository/Products/Cerberus/LoginLogout/UserMgmtCog' is clicked on

2019-03-29 10:13:14 - [TEST_STEP][PASSED] - delay(2): Delayed 2 second(s)

2019-03-29 10:13:16 - [MESSAGE][PASSED] - Delayed 2 second(s)

2019-03-29 10:13:16 - [TEST_STEP][PASSED] - verifyTextPresent("User Management Dashboard", false): Text 'User Management Dashboard' is present on page 

2019-03-29 10:13:16 - [MESSAGE][PASSED] - Text 'User Management Dashboard' is present on page 

2019-03-29 10:13:16 - [MESSAGE][PASSED] - Call Test Case 'Test Cases/Products/Cerberus/Login-Logout/UserMgmtLoginNC' successfully

2019-03-29 10:13:16 - [TEST_STEP][PASSED] - waitForPageLoad(G_ShortTimeout): Wait for page load successfully

2019-03-29 10:13:16 - [MESSAGE][PASSED] - Wait for page load successfully

2019-03-29 10:13:16 - [TEST_STEP][PASSED] - comment("Create User"): Create User

2019-03-29 10:13:16 - [MESSAGE][INFO] - Create User

2019-03-29 10:13:16 - [TEST_STEP][PASSED] - verifyTextPresent("User Management Dashboard", false): Text 'User Management Dashboard' is present on page 

2019-03-29 10:13:16 - [MESSAGE][PASSED] - Text 'User Management Dashboard' is present on page 

2019-03-29 10:13:16 - [TEST_STEP][PASSED] - delay(2): Delayed 2 second(s)

2019-03-29 10:13:18 - [MESSAGE][PASSED] - Delayed 2 second(s)

2019-03-29 10:13:18 - [TEST_STEP][PASSED] - click(findTestObject("Products/UserManagement/CreateUserAccount")): Object: 'Object Repository/Products/UserManagement/CreateUserAccount' is clicked on

2019-03-29 10:13:18 - [MESSAGE][PASSED] - Object: 'Object Repository/Products/UserManagement/CreateUserAccount' is clicked on

2019-03-29 10:13:18 - [TEST_STEP][PASSED] - verifyTextPresent("Create User Account", false): Text 'Create User Account' is present on page 

2019-03-29 10:13:18 - [MESSAGE][PASSED] - Text 'Create User Account' is present on page 

2019-03-29 10:13:18 - [TEST_STEP][PASSED] - waitForElementClickable(findTestObject("Products/UserManagement/Name"), 15): Object 'Object Repository/Products/UserManagement/Name' is clickable

2019-03-29 10:13:18 - [MESSAGE][PASSED] - Object 'Object Repository/Products/UserManagement/Name' is clickable

2019-03-29 10:13:18 - [TEST_STEP][PASSED] - setText(findTestObject("Products/UserManagement/Name"), "01-QAUser99"): Text '01-QAUser99' is set on object 'Object Repository/Products/UserManagement/Name'

2019-03-29 10:13:18 - [MESSAGE][PASSED] - Text '01-QAUser99' is set on object 'Object Repository/Products/UserManagement/Name'

2019-03-29 10:13:18 - [TEST_STEP][PASSED] - setText(findTestObject("Products/UserManagement/Email"), "01qauser99@kubra.com"): Text '01qauser99@kubra.com' is set on object 'Object Repository/Products/UserManagement/Email'

2019-03-29 10:13:18 - [MESSAGE][PASSED] - Text '01qauser99@kubra.com' is set on object 'Object Repository/Products/UserManagement/Email'

2019-03-29 10:13:18 - [TEST_STEP][PASSED] - verifyTextPresent("This user already exists", false): Text 'This user already exists' is present on page 

2019-03-29 10:13:19 - [MESSAGE][PASSED] - Text 'This user already exists' is present on page 

2019-03-29 10:13:19 - [TEST_STEP][PASSED] - click(findTestObject("Products/UserManagement/CancelButton")): Object: 'Object Repository/Products/UserManagement/CancelButton' is clicked on

2019-03-29 10:13:19 - [MESSAGE][PASSED] - Object: 'Object Repository/Products/UserManagement/CancelButton' is clicked on

2019-03-29 10:13:19 - [TEST_STEP][PASSED] - closeBrowser(): Browser is closed

2019-03-29 10:13:19 - [MESSAGE][PASSED] - Browser is closed]]></system-out>
         <system-err><![CDATA[]]></system-err>
      </testcase>
      <testcase name="Test Cases/Products/UserManagement/EditUser" classname="Test Cases/Products/UserManagement/EditUser" status="FAILED">
         <failure type="FAILED" message="Test Cases/Products/UserManagement/EditUser FAILED.
Reason:
com.kms.katalon.core.exception.StepFailedException: Unable to click on object 'Object Repository/Products/UserManagement/StormCenterInstanceAdmin'
	at com.kms.katalon.core.keyword.internal.KeywordMain.stepFailed(KeywordMain.groovy:48)
	at com.kms.katalon.core.webui.keyword.internal.WebUIKeywordMain.stepFailed(WebUIKeywordMain.groovy:65)
	at com.kms.katalon.core.webui.keyword.internal.WebUIKeywordMain.runKeyword(WebUIKeywordMain.groovy:27)
	at com.kms.katalon.core.webui.keyword.builtin.ClickKeyword.click(ClickKeyword.groovy:86)
	at com.kms.katalon.core.webui.keyword.builtin.ClickKeyword.execute(ClickKeyword.groovy:67)
	at com.kms.katalon.core.keyword.internal.KeywordExecutor.executeKeywordForPlatform(KeywordExecutor.groovy:56)
	at com.kms.katalon.core.webui.keyword.WebUiBuiltInKeywords.click(WebUiBuiltInKeywords.groovy:616)
	at com.kms.katalon.core.webui.keyword.WebUiBuiltInKeywords$click$3.call(Unknown Source)
	at EditUser.run(EditUser:53)
	at com.kms.katalon.core.main.ScriptEngine.run(ScriptEngine.java:194)
	at com.kms.katalon.core.main.ScriptEngine.runScriptAsRawText(ScriptEngine.java:119)
	at com.kms.katalon.core.main.TestCaseExecutor.runScript(TestCaseExecutor.java:331)
	at com.kms.katalon.core.main.TestCaseExecutor.doExecute(TestCaseExecutor.java:322)
	at com.kms.katalon.core.main.TestCaseExecutor.processExecutionPhase(TestCaseExecutor.java:301)
	at com.kms.katalon.core.main.TestCaseExecutor.accessMainPhase(TestCaseExecutor.java:293)
	at com.kms.katalon.core.main.TestCaseExecutor.execute(TestCaseExecutor.java:227)
	at com.kms.katalon.core.main.TestSuiteExecutor.accessTestCaseMainPhase(TestSuiteExecutor.java:129)
	at com.kms.katalon.core.main.TestSuiteExecutor.accessTestSuiteMainPhase(TestSuiteExecutor.java:112)
	at com.kms.katalon.core.main.TestSuiteExecutor.execute(TestSuiteExecutor.java:81)
	at com.kms.katalon.core.main.TestCaseMain.startTestSuite(TestCaseMain.java:157)
	at com.kms.katalon.core.main.TestCaseMain$startTestSuite$0.call(Unknown Source)
	at TempTestSuite1553879539335.run(TempTestSuite1553879539335.groovy:35)
"/>
         <system-out><![CDATA[2019-03-29 10:13:19 - [TEST_CASE][FAILED] - Test Cases/Products/UserManagement/EditUser: Test Cases/Products/UserManagement/EditUser FAILED.
Reason:
com.kms.katalon.core.exception.StepFailedException: Unable to click on object 'Object Repository/Products/UserManagement/StormCenterInstanceAdmin'
	at com.kms.katalon.core.keyword.internal.KeywordMain.stepFailed(KeywordMain.groovy:48)
	at com.kms.katalon.core.webui.keyword.internal.WebUIKeywordMain.stepFailed(WebUIKeywordMain.groovy:65)
	at com.kms.katalon.core.webui.keyword.internal.WebUIKeywordMain.runKeyword(WebUIKeywordMain.groovy:27)
	at com.kms.katalon.core.webui.keyword.builtin.ClickKeyword.click(ClickKeyword.groovy:86)
	at com.kms.katalon.core.webui.keyword.builtin.ClickKeyword.execute(ClickKeyword.groovy:67)
	at com.kms.katalon.core.keyword.internal.KeywordExecutor.executeKeywordForPlatform(KeywordExecutor.groovy:56)
	at com.kms.katalon.core.webui.keyword.WebUiBuiltInKeywords.click(WebUiBuiltInKeywords.groovy:616)
	at com.kms.katalon.core.webui.keyword.WebUiBuiltInKeywords$click$3.call(Unknown Source)
	at EditUser.run(EditUser:53)
	at com.kms.katalon.core.main.ScriptEngine.run(ScriptEngine.java:194)
	at com.kms.katalon.core.main.ScriptEngine.runScriptAsRawText(ScriptEngine.java:119)
	at com.kms.katalon.core.main.TestCaseExecutor.runScript(TestCaseExecutor.java:331)
	at com.kms.katalon.core.main.TestCaseExecutor.doExecute(TestCaseExecutor.java:322)
	at com.kms.katalon.core.main.TestCaseExecutor.processExecutionPhase(TestCaseExecutor.java:301)
	at com.kms.katalon.core.main.TestCaseExecutor.accessMainPhase(TestCaseExecutor.java:293)
	at com.kms.katalon.core.main.TestCaseExecutor.execute(TestCaseExecutor.java:227)
	at com.kms.katalon.core.main.TestSuiteExecutor.accessTestCaseMainPhase(TestSuiteExecutor.java:129)
	at com.kms.katalon.core.main.TestSuiteExecutor.accessTestSuiteMainPhase(TestSuiteExecutor.java:112)
	at com.kms.katalon.core.main.TestSuiteExecutor.execute(TestSuiteExecutor.java:81)
	at com.kms.katalon.core.main.TestCaseMain.startTestSuite(TestCaseMain.java:157)
	at com.kms.katalon.core.main.TestCaseMain$startTestSuite$0.call(Unknown Source)
	at TempTestSuite1553879539335.run(TempTestSuite1553879539335.groovy:35)


2019-03-29 10:13:19 - [TEST_STEP][PASSED] - comment("Open browser to User Management App. and Create User"): Open browser to User Management App. and Create User

2019-03-29 10:13:19 - [MESSAGE][INFO] - Open browser to User Management App. and Create User

2019-03-29 10:13:19 - [TEST_STEP][PASSED] - callTestCase(findTestCase("Products/Cerberus/Login-Logout/UserMgmtLoginNC"), [:], STOP_ON_FAILURE): Call Test Case 'Test Cases/Products/Cerberus/Login-Logout/UserMgmtLoginNC' successfully

2019-03-29 10:13:19 - [TEST_CASE][PASSED] - Test Cases/Products/Cerberus/Login-Logout/UserMgmtLoginNC: Test Cases/Products/Cerberus/Login-Logout/UserMgmtLoginNC

2019-03-29 10:13:19 - [TEST_STEP][PASSED] - log = new com.kms.katalon.core.logging.KeywordLogger(): null

2019-03-29 10:13:19 - [TEST_STEP][PASSED] - comment("Open browser and Login"): Open browser and Login

2019-03-29 10:13:19 - [MESSAGE][INFO] - Open browser and Login

2019-03-29 10:13:19 - [TEST_STEP][PASSED] - openBrowser(G_DefaultSiteURL): Browser is opened with url: 'https://dev.kubra.io'

2019-03-29 10:13:19 - [MESSAGE][INFO] - Starting 'Firefox' driver

2019-03-29 10:13:22 - [MESSAGE][PASSED] - Browser is opened with url: 'https://dev.kubra.io'

2019-03-29 10:13:22 - [TEST_STEP][PASSED] - waitForPageLoad(G_ShortTimeout): Wait for page load successfully

2019-03-29 10:13:22 - [MESSAGE][PASSED] - Wait for page load successfully

2019-03-29 10:13:22 - [TEST_STEP][PASSED] - maximizeWindow(): Current window maximized

2019-03-29 10:13:23 - [MESSAGE][PASSED] - Current window maximized

2019-03-29 10:13:23 - [TEST_STEP][PASSED] - log.logWarning("--- Begin Login ---"): --- Begin Login ---

2019-03-29 10:13:23 - [MESSAGE][WARNING] - --- Begin Login ---

2019-03-29 10:13:23 - [TEST_STEP][PASSED] - log.logWarning("Logging in to environment - " + G_DefaultSiteURL): Logging in to environment - https://dev.kubra.io

2019-03-29 10:13:23 - [MESSAGE][WARNING] - Logging in to environment - https://dev.kubra.io

2019-03-29 10:13:23 - [TEST_STEP][PASSED] - waitForElementClickable(findTestObject("Products/Cerberus/LoginLogout/LogInWithGoogle"), 15): Object 'Object Repository/Products/Cerberus/LoginLogout/LogInWithGoogle' is clickable

2019-03-29 10:13:23 - [MESSAGE][PASSED] - Object 'Object Repository/Products/Cerberus/LoginLogout/LogInWithGoogle' is clickable

2019-03-29 10:13:23 - [TEST_STEP][PASSED] - delay(2): Delayed 2 second(s)

2019-03-29 10:13:25 - [MESSAGE][PASSED] - Delayed 2 second(s)

2019-03-29 10:13:25 - [TEST_STEP][PASSED] - click(findTestObject("Products/Cerberus/LoginLogout/LogInWithGoogle")): Object: 'Object Repository/Products/Cerberus/LoginLogout/LogInWithGoogle' is clicked on

2019-03-29 10:13:26 - [MESSAGE][PASSED] - Object: 'Object Repository/Products/Cerberus/LoginLogout/LogInWithGoogle' is clicked on

2019-03-29 10:13:26 - [TEST_STEP][PASSED] - waitForElementVisible(findTestObject("Products/Cerberus/LoginLogout/UserName"), 15): Object 'Object Repository/Products/Cerberus/LoginLogout/UserName' is visible

2019-03-29 10:13:27 - [MESSAGE][PASSED] - Object 'Object Repository/Products/Cerberus/LoginLogout/UserName' is visible

2019-03-29 10:13:27 - [TEST_STEP][PASSED] - setMaskedText(findTestObject("Products/Cerberus/LoginLogout/UserName"), "tempeqa@kubra.com"): Text '*****************' is set on object 'Object Repository/Products/Cerberus/LoginLogout/UserName'

2019-03-29 10:13:27 - [MESSAGE][PASSED] - Text '*****************' is set on object 'Object Repository/Products/Cerberus/LoginLogout/UserName'

2019-03-29 10:13:27 - [TEST_STEP][PASSED] - waitForElementVisible(findTestObject("Products/Cerberus/LoginLogout/UserNameNextButton"), 15): Object 'Object Repository/Products/Cerberus/LoginLogout/UserNameNextButton' is visible

2019-03-29 10:13:27 - [MESSAGE][PASSED] - Object 'Object Repository/Products/Cerberus/LoginLogout/UserNameNextButton' is visible

2019-03-29 10:13:27 - [TEST_STEP][PASSED] - click(findTestObject("Products/Cerberus/LoginLogout/UserNameNextButton")): Object: 'Object Repository/Products/Cerberus/LoginLogout/UserNameNextButton' is clicked on

2019-03-29 10:13:28 - [MESSAGE][PASSED] - Object: 'Object Repository/Products/Cerberus/LoginLogout/UserNameNextButton' is clicked on

2019-03-29 10:13:28 - [TEST_STEP][PASSED] - waitForElementVisible(findTestObject("Products/Cerberus/LoginLogout/Password"), 15): Object 'Object Repository/Products/Cerberus/LoginLogout/Password' is visible

2019-03-29 10:13:29 - [MESSAGE][PASSED] - Object 'Object Repository/Products/Cerberus/LoginLogout/Password' is visible

2019-03-29 10:13:29 - [TEST_STEP][PASSED] - setMaskedText(findTestObject("Products/Cerberus/LoginLogout/Password"), "qAisgr8!@"): Text '*********' is set on object 'Object Repository/Products/Cerberus/LoginLogout/Password'

2019-03-29 10:13:29 - [MESSAGE][PASSED] - Text '*********' is set on object 'Object Repository/Products/Cerberus/LoginLogout/Password'

2019-03-29 10:13:29 - [TEST_STEP][PASSED] - waitForElementClickable(findTestObject("Products/Cerberus/LoginLogout/PasswordNextButton"), 15): Object 'Object Repository/Products/Cerberus/LoginLogout/PasswordNextButton' is clickable

2019-03-29 10:13:29 - [MESSAGE][PASSED] - Object 'Object Repository/Products/Cerberus/LoginLogout/PasswordNextButton' is clickable

2019-03-29 10:13:29 - [TEST_STEP][PASSED] - click(findTestObject("Products/Cerberus/LoginLogout/PasswordNextButton")): Object: 'Object Repository/Products/Cerberus/LoginLogout/PasswordNextButton' is clicked on

2019-03-29 10:13:31 - [MESSAGE][PASSED] - Object: 'Object Repository/Products/Cerberus/LoginLogout/PasswordNextButton' is clicked on

2019-03-29 10:13:31 - [TEST_STEP][PASSED] - delay(5): Delayed 5 second(s)

2019-03-29 10:13:36 - [MESSAGE][PASSED] - Delayed 5 second(s)

2019-03-29 10:13:36 - [TEST_STEP][PASSED] - waitForElementClickable(findTestObject("Products/Cerberus/LoginLogout/TenantABCCompany"), 15): Object 'Object Repository/Products/Cerberus/LoginLogout/TenantABCCompany' is clickable

2019-03-29 10:13:37 - [MESSAGE][PASSED] - Object 'Object Repository/Products/Cerberus/LoginLogout/TenantABCCompany' is clickable

2019-03-29 10:13:37 - [TEST_STEP][PASSED] - click(findTestObject("Products/Cerberus/LoginLogout/TenantABCCompany")): Object: 'Object Repository/Products/Cerberus/LoginLogout/TenantABCCompany' is clicked on

2019-03-29 10:13:37 - [MESSAGE][PASSED] - Object: 'Object Repository/Products/Cerberus/LoginLogout/TenantABCCompany' is clicked on

2019-03-29 10:13:37 - [TEST_STEP][PASSED] - verifyElementText(findTestObject("Products/Cerberus/LoginLogout/TenantABCCompany"), "ABC Utility Company"): Actual text and expected text of test object 'Object Repository/Products/Cerberus/LoginLogout/TenantABCCompany' are matched.

2019-03-29 10:13:37 - [MESSAGE][PASSED] - Actual text and expected text of test object 'Object Repository/Products/Cerberus/LoginLogout/TenantABCCompany' are matched.

2019-03-29 10:13:37 - [TEST_STEP][PASSED] - waitForElementClickable(findTestObject("Products/Cerberus/LoginLogout/TenantSubmitButton"), 15): Object 'Object Repository/Products/Cerberus/LoginLogout/TenantSubmitButton' is clickable

2019-03-29 10:13:37 - [MESSAGE][PASSED] - Object 'Object Repository/Products/Cerberus/LoginLogout/TenantSubmitButton' is clickable

2019-03-29 10:13:37 - [TEST_STEP][PASSED] - click(findTestObject("Products/Cerberus/LoginLogout/TenantSubmitButton")): Object: 'Object Repository/Products/Cerberus/LoginLogout/TenantSubmitButton' is clicked on

2019-03-29 10:13:37 - [MESSAGE][PASSED] - Object: 'Object Repository/Products/Cerberus/LoginLogout/TenantSubmitButton' is clicked on

2019-03-29 10:13:37 - [TEST_STEP][PASSED] - click(findTestObject("Products/Cerberus/LoginLogout/UserMgmtCog")): Object: 'Object Repository/Products/Cerberus/LoginLogout/UserMgmtCog' is clicked on

2019-03-29 10:13:38 - [MESSAGE][PASSED] - Object: 'Object Repository/Products/Cerberus/LoginLogout/UserMgmtCog' is clicked on

2019-03-29 10:13:38 - [TEST_STEP][PASSED] - delay(2): Delayed 2 second(s)

2019-03-29 10:13:40 - [MESSAGE][PASSED] - Delayed 2 second(s)

2019-03-29 10:13:40 - [TEST_STEP][PASSED] - verifyTextPresent("User Management Dashboard", false): Text 'User Management Dashboard' is present on page 

2019-03-29 10:13:40 - [MESSAGE][PASSED] - Text 'User Management Dashboard' is present on page 

2019-03-29 10:13:40 - [MESSAGE][PASSED] - Call Test Case 'Test Cases/Products/Cerberus/Login-Logout/UserMgmtLoginNC' successfully

2019-03-29 10:13:40 - [TEST_STEP][PASSED] - waitForPageLoad(G_ShortTimeout): Wait for page load successfully

2019-03-29 10:13:40 - [MESSAGE][PASSED] - Wait for page load successfully

2019-03-29 10:13:40 - [TEST_STEP][PASSED] - comment("Create User"): Create User

2019-03-29 10:13:40 - [MESSAGE][INFO] - Create User

2019-03-29 10:13:40 - [TEST_STEP][PASSED] - verifyTextPresent("User Management Dashboard", false): Text 'User Management Dashboard' is present on page 

2019-03-29 10:13:40 - [MESSAGE][PASSED] - Text 'User Management Dashboard' is present on page 

2019-03-29 10:13:40 - [TEST_STEP][PASSED] - waitForElementClickable(findTestObject("Products/UserManagement/ManageUsers"), 15): Object 'Object Repository/Products/UserManagement/ManageUsers' is clickable

2019-03-29 10:13:40 - [MESSAGE][PASSED] - Object 'Object Repository/Products/UserManagement/ManageUsers' is clickable

2019-03-29 10:13:40 - [TEST_STEP][PASSED] - click(findTestObject("Products/UserManagement/ManageUsers")): Object: 'Object Repository/Products/UserManagement/ManageUsers' is clicked on

2019-03-29 10:13:40 - [MESSAGE][PASSED] - Object: 'Object Repository/Products/UserManagement/ManageUsers' is clicked on

2019-03-29 10:13:40 - [TEST_STEP][PASSED] - verifyTextPresent("Select a username below to edit contact information", false): Text 'Select a username below to edit contact information' is present on page 

2019-03-29 10:13:40 - [MESSAGE][PASSED] - Text 'Select a username below to edit contact information' is present on page 

2019-03-29 10:13:40 - [TEST_STEP][PASSED] - waitForElementClickable(findTestObject("Products/UserManagement/01-qa-user-99EditButton"), 15): Object 'Object Repository/Products/UserManagement/01-qa-user-99EditButton' is clickable

2019-03-29 10:13:41 - [MESSAGE][PASSED] - Object 'Object Repository/Products/UserManagement/01-qa-user-99EditButton' is clickable

2019-03-29 10:13:41 - [TEST_STEP][PASSED] - click(findTestObject("Products/UserManagement/01-qa-user-99EditButton")): Object: 'Object Repository/Products/UserManagement/01-qa-user-99EditButton' is clicked on

2019-03-29 10:13:41 - [MESSAGE][PASSED] - Object: 'Object Repository/Products/UserManagement/01-qa-user-99EditButton' is clicked on

2019-03-29 10:13:41 - [TEST_STEP][PASSED] - setEncryptedText(findTestObject("Products/UserManagement/Password"), "lyykIguZc/Njb1wKikF68Q=="): Text ****** has been set on object 'Object Repository/Products/UserManagement/Password'

2019-03-29 10:13:42 - [MESSAGE][PASSED] - Text ****** has been set on object 'Object Repository/Products/UserManagement/Password'

2019-03-29 10:13:42 - [TEST_STEP][PASSED] - setEncryptedText(findTestObject("Products/UserManagement/PasswordConfirmation"), "lyykIguZc/Njb1wKikF68Q=="): Text ****** has been set on object 'Object Repository/Products/UserManagement/PasswordConfirmation'

2019-03-29 10:13:42 - [MESSAGE][PASSED] - Text ****** has been set on object 'Object Repository/Products/UserManagement/PasswordConfirmation'

2019-03-29 10:13:42 - [TEST_STEP][PASSED] - delay(5): Delayed 5 second(s)

2019-03-29 10:13:47 - [MESSAGE][PASSED] - Delayed 5 second(s)

2019-03-29 10:13:47 - [TEST_STEP][PASSED] - click(findTestObject("Products/UserManagement/SelectPermissions")): Object: 'Object Repository/Products/UserManagement/SelectPermissions' is clicked on

2019-03-29 10:13:47 - [MESSAGE][PASSED] - Object: 'Object Repository/Products/UserManagement/SelectPermissions' is clicked on

2019-03-29 10:13:47 - [TEST_STEP][PASSED] - delay(5): Delayed 5 second(s)

2019-03-29 10:13:52 - [MESSAGE][PASSED] - Delayed 5 second(s)

2019-03-29 10:13:52 - [TEST_STEP][FAILED] - click(findTestObject("Products/UserManagement/StormCenterInstanceAdmin")): click(findTestObject("Products/UserManagement/StormCenterInstanceAdmin")) FAILED.
Reason:
com.kms.katalon.core.exception.StepFailedException: Unable to click on object 'Object Repository/Products/UserManagement/StormCenterInstanceAdmin'
	at com.kms.katalon.core.keyword.internal.KeywordMain.stepFailed(KeywordMain.groovy:48)
	at com.kms.katalon.core.webui.keyword.internal.WebUIKeywordMain.stepFailed(WebUIKeywordMain.groovy:65)
	at com.kms.katalon.core.webui.keyword.internal.WebUIKeywordMain.runKeyword(WebUIKeywordMain.groovy:27)
	at com.kms.katalon.core.webui.keyword.builtin.ClickKeyword.click(ClickKeyword.groovy:86)
	at com.kms.katalon.core.webui.keyword.builtin.ClickKeyword.execute(ClickKeyword.groovy:67)
	at com.kms.katalon.core.keyword.internal.KeywordExecutor.executeKeywordForPlatform(KeywordExecutor.groovy:56)
	at com.kms.katalon.core.webui.keyword.WebUiBuiltInKeywords.click(WebUiBuiltInKeywords.groovy:616)
	at com.kms.katalon.core.webui.keyword.WebUiBuiltInKeywords$click$3.call(Unknown Source)
	at EditUser.run(EditUser:53)
	at com.kms.katalon.core.main.ScriptEngine.run(ScriptEngine.java:194)
	at com.kms.katalon.core.main.ScriptEngine.runScriptAsRawText(ScriptEngine.java:119)
	at com.kms.katalon.core.main.TestCaseExecutor.runScript(TestCaseExecutor.java:331)
	at com.kms.katalon.core.main.TestCaseExecutor.doExecute(TestCaseExecutor.java:322)
	at com.kms.katalon.core.main.TestCaseExecutor.processExecutionPhase(TestCaseExecutor.java:301)
	at com.kms.katalon.core.main.TestCaseExecutor.accessMainPhase(TestCaseExecutor.java:293)
	at com.kms.katalon.core.main.TestCaseExecutor.execute(TestCaseExecutor.java:227)
	at com.kms.katalon.core.main.TestSuiteExecutor.accessTestCaseMainPhase(TestSuiteExecutor.java:129)
	at com.kms.katalon.core.main.TestSuiteExecutor.accessTestSuiteMainPhase(TestSuiteExecutor.java:112)
	at com.kms.katalon.core.main.TestSuiteExecutor.execute(TestSuiteExecutor.java:81)
	at com.kms.katalon.core.main.TestCaseMain.startTestSuite(TestCaseMain.java:157)
	at com.kms.katalon.core.main.TestCaseMain$startTestSuite$0.call(Unknown Source)
	at TempTestSuite1553879539335.run(TempTestSuite1553879539335.groovy:35)


2019-03-29 10:14:22 - [MESSAGE][INFO] - Unable to find the element located by 'By.xpath: //*[@id = 'manage-user-form-group-id-menu-item-select-storm-center-instance-admin']'. Please recheck the objects properties to make sure the desired element is located. 

2019-03-29 10:14:23 - [MESSAGE][FAILED] - Unable to click on object 'Object Repository/Products/UserManagement/StormCenterInstanceAdmin'
[[ATTACHMENT|/Users/pshukla/Documents/Katalon Studio/qa-templates/Reports/UserManagement/20190329_101209/1553879662966.png]]

2019-03-29 10:14:23 - [MESSAGE][FAILED] - click(findTestObject("Products/UserManagement/StormCenterInstanceAdmin")) FAILED.
Reason:
com.kms.katalon.core.exception.StepFailedException: Unable to click on object 'Object Repository/Products/UserManagement/StormCenterInstanceAdmin'
	at com.kms.katalon.core.keyword.internal.KeywordMain.stepFailed(KeywordMain.groovy:48)
	at com.kms.katalon.core.webui.keyword.internal.WebUIKeywordMain.stepFailed(WebUIKeywordMain.groovy:65)
	at com.kms.katalon.core.webui.keyword.internal.WebUIKeywordMain.runKeyword(WebUIKeywordMain.groovy:27)
	at com.kms.katalon.core.webui.keyword.builtin.ClickKeyword.click(ClickKeyword.groovy:86)
	at com.kms.katalon.core.webui.keyword.builtin.ClickKeyword.execute(ClickKeyword.groovy:67)
	at com.kms.katalon.core.keyword.internal.KeywordExecutor.executeKeywordForPlatform(KeywordExecutor.groovy:56)
	at com.kms.katalon.core.webui.keyword.WebUiBuiltInKeywords.click(WebUiBuiltInKeywords.groovy:616)
	at com.kms.katalon.core.webui.keyword.WebUiBuiltInKeywords$click$3.call(Unknown Source)
	at EditUser.run(EditUser:53)
	at com.kms.katalon.core.main.ScriptEngine.run(ScriptEngine.java:194)
	at com.kms.katalon.core.main.ScriptEngine.runScriptAsRawText(ScriptEngine.java:119)
	at com.kms.katalon.core.main.TestCaseExecutor.runScript(TestCaseExecutor.java:331)
	at com.kms.katalon.core.main.TestCaseExecutor.doExecute(TestCaseExecutor.java:322)
	at com.kms.katalon.core.main.TestCaseExecutor.processExecutionPhase(TestCaseExecutor.java:301)
	at com.kms.katalon.core.main.TestCaseExecutor.accessMainPhase(TestCaseExecutor.java:293)
	at com.kms.katalon.core.main.TestCaseExecutor.execute(TestCaseExecutor.java:227)
	at com.kms.katalon.core.main.TestSuiteExecutor.accessTestCaseMainPhase(TestSuiteExecutor.java:129)
	at com.kms.katalon.core.main.TestSuiteExecutor.accessTestSuiteMainPhase(TestSuiteExecutor.java:112)
	at com.kms.katalon.core.main.TestSuiteExecutor.execute(TestSuiteExecutor.java:81)
	at com.kms.katalon.core.main.TestCaseMain.startTestSuite(TestCaseMain.java:157)
	at com.kms.katalon.core.main.TestCaseMain$startTestSuite$0.call(Unknown Source)
	at TempTestSuite1553879539335.run(TempTestSuite1553879539335.groovy:35)]]></system-out>
         <system-err><![CDATA[2019-03-29 10:13:19 - [TEST_CASE][FAILED] - Test Cases/Products/UserManagement/EditUser: Test Cases/Products/UserManagement/EditUser FAILED.
Reason:
com.kms.katalon.core.exception.StepFailedException: Unable to click on object 'Object Repository/Products/UserManagement/StormCenterInstanceAdmin'
	at com.kms.katalon.core.keyword.internal.KeywordMain.stepFailed(KeywordMain.groovy:48)
	at com.kms.katalon.core.webui.keyword.internal.WebUIKeywordMain.stepFailed(WebUIKeywordMain.groovy:65)
	at com.kms.katalon.core.webui.keyword.internal.WebUIKeywordMain.runKeyword(WebUIKeywordMain.groovy:27)
	at com.kms.katalon.core.webui.keyword.builtin.ClickKeyword.click(ClickKeyword.groovy:86)
	at com.kms.katalon.core.webui.keyword.builtin.ClickKeyword.execute(ClickKeyword.groovy:67)
	at com.kms.katalon.core.keyword.internal.KeywordExecutor.executeKeywordForPlatform(KeywordExecutor.groovy:56)
	at com.kms.katalon.core.webui.keyword.WebUiBuiltInKeywords.click(WebUiBuiltInKeywords.groovy:616)
	at com.kms.katalon.core.webui.keyword.WebUiBuiltInKeywords$click$3.call(Unknown Source)
	at EditUser.run(EditUser:53)
	at com.kms.katalon.core.main.ScriptEngine.run(ScriptEngine.java:194)
	at com.kms.katalon.core.main.ScriptEngine.runScriptAsRawText(ScriptEngine.java:119)
	at com.kms.katalon.core.main.TestCaseExecutor.runScript(TestCaseExecutor.java:331)
	at com.kms.katalon.core.main.TestCaseExecutor.doExecute(TestCaseExecutor.java:322)
	at com.kms.katalon.core.main.TestCaseExecutor.processExecutionPhase(TestCaseExecutor.java:301)
	at com.kms.katalon.core.main.TestCaseExecutor.accessMainPhase(TestCaseExecutor.java:293)
	at com.kms.katalon.core.main.TestCaseExecutor.execute(TestCaseExecutor.java:227)
	at com.kms.katalon.core.main.TestSuiteExecutor.accessTestCaseMainPhase(TestSuiteExecutor.java:129)
	at com.kms.katalon.core.main.TestSuiteExecutor.accessTestSuiteMainPhase(TestSuiteExecutor.java:112)
	at com.kms.katalon.core.main.TestSuiteExecutor.execute(TestSuiteExecutor.java:81)
	at com.kms.katalon.core.main.TestCaseMain.startTestSuite(TestCaseMain.java:157)
	at com.kms.katalon.core.main.TestCaseMain$startTestSuite$0.call(Unknown Source)
	at TempTestSuite1553879539335.run(TempTestSuite1553879539335.groovy:35)]]></system-err>
      </testcase>
      <testcase name="Test Cases/Products/UserManagement/EditExistingUser" classname="Test Cases/Products/UserManagement/EditExistingUser" status="PASSED">
         <system-out><![CDATA[2019-03-29 10:14:23 - [TEST_CASE][PASSED] - Test Cases/Products/UserManagement/EditExistingUser: Test Cases/Products/UserManagement/EditExistingUser

2019-03-29 10:14:23 - [TEST_STEP][PASSED] - comment("Open browser to User Management App. and Create User"): Open browser to User Management App. and Create User

2019-03-29 10:14:23 - [MESSAGE][INFO] - Open browser to User Management App. and Create User

2019-03-29 10:14:23 - [TEST_STEP][PASSED] - callTestCase(findTestCase("Products/Cerberus/Login-Logout/UserMgmtLoginNC"), [:], STOP_ON_FAILURE): Call Test Case 'Test Cases/Products/Cerberus/Login-Logout/UserMgmtLoginNC' successfully

2019-03-29 10:14:23 - [TEST_CASE][PASSED] - Test Cases/Products/Cerberus/Login-Logout/UserMgmtLoginNC: Test Cases/Products/Cerberus/Login-Logout/UserMgmtLoginNC

2019-03-29 10:14:23 - [TEST_STEP][PASSED] - log = new com.kms.katalon.core.logging.KeywordLogger(): null

2019-03-29 10:14:23 - [TEST_STEP][PASSED] - comment("Open browser and Login"): Open browser and Login

2019-03-29 10:14:23 - [MESSAGE][INFO] - Open browser and Login

2019-03-29 10:14:23 - [TEST_STEP][PASSED] - openBrowser(G_DefaultSiteURL): Browser is opened with url: 'https://dev.kubra.io'

2019-03-29 10:14:23 - [MESSAGE][WARNING] - A browser is already opened. Closing browser and opening a new one

2019-03-29 10:14:23 - [MESSAGE][INFO] - Starting 'Firefox' driver

2019-03-29 10:14:27 - [MESSAGE][PASSED] - Browser is opened with url: 'https://dev.kubra.io'

2019-03-29 10:14:27 - [TEST_STEP][PASSED] - waitForPageLoad(G_ShortTimeout): Wait for page load successfully

2019-03-29 10:14:27 - [MESSAGE][PASSED] - Wait for page load successfully

2019-03-29 10:14:27 - [TEST_STEP][PASSED] - maximizeWindow(): Current window maximized

2019-03-29 10:14:27 - [MESSAGE][PASSED] - Current window maximized

2019-03-29 10:14:27 - [TEST_STEP][PASSED] - log.logWarning("--- Begin Login ---"): --- Begin Login ---

2019-03-29 10:14:27 - [MESSAGE][WARNING] - --- Begin Login ---

2019-03-29 10:14:27 - [TEST_STEP][PASSED] - log.logWarning("Logging in to environment - " + G_DefaultSiteURL): Logging in to environment - https://dev.kubra.io

2019-03-29 10:14:27 - [MESSAGE][WARNING] - Logging in to environment - https://dev.kubra.io

2019-03-29 10:14:27 - [TEST_STEP][PASSED] - waitForElementClickable(findTestObject("Products/Cerberus/LoginLogout/LogInWithGoogle"), 15): Object 'Object Repository/Products/Cerberus/LoginLogout/LogInWithGoogle' is clickable

2019-03-29 10:14:28 - [MESSAGE][PASSED] - Object 'Object Repository/Products/Cerberus/LoginLogout/LogInWithGoogle' is clickable

2019-03-29 10:14:28 - [TEST_STEP][PASSED] - delay(2): Delayed 2 second(s)

2019-03-29 10:14:30 - [MESSAGE][PASSED] - Delayed 2 second(s)

2019-03-29 10:14:30 - [TEST_STEP][PASSED] - click(findTestObject("Products/Cerberus/LoginLogout/LogInWithGoogle")): Object: 'Object Repository/Products/Cerberus/LoginLogout/LogInWithGoogle' is clicked on

2019-03-29 10:14:31 - [MESSAGE][PASSED] - Object: 'Object Repository/Products/Cerberus/LoginLogout/LogInWithGoogle' is clicked on

2019-03-29 10:14:31 - [TEST_STEP][PASSED] - waitForElementVisible(findTestObject("Products/Cerberus/LoginLogout/UserName"), 15): Object 'Object Repository/Products/Cerberus/LoginLogout/UserName' is visible

2019-03-29 10:14:32 - [MESSAGE][PASSED] - Object 'Object Repository/Products/Cerberus/LoginLogout/UserName' is visible

2019-03-29 10:14:32 - [TEST_STEP][PASSED] - setMaskedText(findTestObject("Products/Cerberus/LoginLogout/UserName"), "tempeqa@kubra.com"): Text '*****************' is set on object 'Object Repository/Products/Cerberus/LoginLogout/UserName'

2019-03-29 10:14:32 - [MESSAGE][PASSED] - Text '*****************' is set on object 'Object Repository/Products/Cerberus/LoginLogout/UserName'

2019-03-29 10:14:32 - [TEST_STEP][PASSED] - waitForElementVisible(findTestObject("Products/Cerberus/LoginLogout/UserNameNextButton"), 15): Object 'Object Repository/Products/Cerberus/LoginLogout/UserNameNextButton' is visible

2019-03-29 10:14:32 - [MESSAGE][PASSED] - Object 'Object Repository/Products/Cerberus/LoginLogout/UserNameNextButton' is visible

2019-03-29 10:14:32 - [TEST_STEP][PASSED] - click(findTestObject("Products/Cerberus/LoginLogout/UserNameNextButton")): Object: 'Object Repository/Products/Cerberus/LoginLogout/UserNameNextButton' is clicked on

2019-03-29 10:14:32 - [MESSAGE][PASSED] - Object: 'Object Repository/Products/Cerberus/LoginLogout/UserNameNextButton' is clicked on

2019-03-29 10:14:32 - [TEST_STEP][PASSED] - waitForElementVisible(findTestObject("Products/Cerberus/LoginLogout/Password"), 15): Object 'Object Repository/Products/Cerberus/LoginLogout/Password' is visible

2019-03-29 10:14:33 - [MESSAGE][PASSED] - Object 'Object Repository/Products/Cerberus/LoginLogout/Password' is visible

2019-03-29 10:14:33 - [TEST_STEP][PASSED] - setMaskedText(findTestObject("Products/Cerberus/LoginLogout/Password"), "qAisgr8!@"): Text '*********' is set on object 'Object Repository/Products/Cerberus/LoginLogout/Password'

2019-03-29 10:14:33 - [MESSAGE][PASSED] - Text '*********' is set on object 'Object Repository/Products/Cerberus/LoginLogout/Password'

2019-03-29 10:14:33 - [TEST_STEP][PASSED] - waitForElementClickable(findTestObject("Products/Cerberus/LoginLogout/PasswordNextButton"), 15): Object 'Object Repository/Products/Cerberus/LoginLogout/PasswordNextButton' is clickable

2019-03-29 10:14:33 - [MESSAGE][PASSED] - Object 'Object Repository/Products/Cerberus/LoginLogout/PasswordNextButton' is clickable

2019-03-29 10:14:33 - [TEST_STEP][PASSED] - click(findTestObject("Products/Cerberus/LoginLogout/PasswordNextButton")): Object: 'Object Repository/Products/Cerberus/LoginLogout/PasswordNextButton' is clicked on

2019-03-29 10:14:37 - [MESSAGE][PASSED] - Object: 'Object Repository/Products/Cerberus/LoginLogout/PasswordNextButton' is clicked on

2019-03-29 10:14:37 - [TEST_STEP][PASSED] - delay(5): Delayed 5 second(s)

2019-03-29 10:14:42 - [MESSAGE][PASSED] - Delayed 5 second(s)

2019-03-29 10:14:42 - [TEST_STEP][PASSED] - waitForElementClickable(findTestObject("Products/Cerberus/LoginLogout/TenantABCCompany"), 15): Object 'Object Repository/Products/Cerberus/LoginLogout/TenantABCCompany' is clickable

2019-03-29 10:14:42 - [MESSAGE][PASSED] - Object 'Object Repository/Products/Cerberus/LoginLogout/TenantABCCompany' is clickable

2019-03-29 10:14:42 - [TEST_STEP][PASSED] - click(findTestObject("Products/Cerberus/LoginLogout/TenantABCCompany")): Object: 'Object Repository/Products/Cerberus/LoginLogout/TenantABCCompany' is clicked on

2019-03-29 10:14:42 - [MESSAGE][PASSED] - Object: 'Object Repository/Products/Cerberus/LoginLogout/TenantABCCompany' is clicked on

2019-03-29 10:14:42 - [TEST_STEP][PASSED] - verifyElementText(findTestObject("Products/Cerberus/LoginLogout/TenantABCCompany"), "ABC Utility Company"): Actual text and expected text of test object 'Object Repository/Products/Cerberus/LoginLogout/TenantABCCompany' are matched.

2019-03-29 10:14:42 - [MESSAGE][PASSED] - Actual text and expected text of test object 'Object Repository/Products/Cerberus/LoginLogout/TenantABCCompany' are matched.

2019-03-29 10:14:42 - [TEST_STEP][PASSED] - waitForElementClickable(findTestObject("Products/Cerberus/LoginLogout/TenantSubmitButton"), 15): Object 'Object Repository/Products/Cerberus/LoginLogout/TenantSubmitButton' is clickable

2019-03-29 10:14:42 - [MESSAGE][PASSED] - Object 'Object Repository/Products/Cerberus/LoginLogout/TenantSubmitButton' is clickable

2019-03-29 10:14:42 - [TEST_STEP][PASSED] - click(findTestObject("Products/Cerberus/LoginLogout/TenantSubmitButton")): Object: 'Object Repository/Products/Cerberus/LoginLogout/TenantSubmitButton' is clicked on

2019-03-29 10:14:43 - [MESSAGE][PASSED] - Object: 'Object Repository/Products/Cerberus/LoginLogout/TenantSubmitButton' is clicked on

2019-03-29 10:14:43 - [TEST_STEP][PASSED] - click(findTestObject("Products/Cerberus/LoginLogout/UserMgmtCog")): Object: 'Object Repository/Products/Cerberus/LoginLogout/UserMgmtCog' is clicked on

2019-03-29 10:14:43 - [MESSAGE][PASSED] - Object: 'Object Repository/Products/Cerberus/LoginLogout/UserMgmtCog' is clicked on

2019-03-29 10:14:43 - [TEST_STEP][PASSED] - delay(2): Delayed 2 second(s)

2019-03-29 10:14:45 - [MESSAGE][PASSED] - Delayed 2 second(s)

2019-03-29 10:14:45 - [TEST_STEP][PASSED] - verifyTextPresent("User Management Dashboard", false): Text 'User Management Dashboard' is present on page 

2019-03-29 10:14:45 - [MESSAGE][PASSED] - Text 'User Management Dashboard' is present on page 

2019-03-29 10:14:45 - [MESSAGE][PASSED] - Call Test Case 'Test Cases/Products/Cerberus/Login-Logout/UserMgmtLoginNC' successfully

2019-03-29 10:14:45 - [TEST_STEP][PASSED] - waitForPageLoad(G_ShortTimeout): Wait for page load successfully

2019-03-29 10:14:45 - [MESSAGE][PASSED] - Wait for page load successfully

2019-03-29 10:14:45 - [TEST_STEP][PASSED] - comment("Create User"): Create User

2019-03-29 10:14:45 - [MESSAGE][INFO] - Create User

2019-03-29 10:14:45 - [TEST_STEP][PASSED] - verifyTextPresent("User Management Dashboard", false): Text 'User Management Dashboard' is present on page 

2019-03-29 10:14:45 - [MESSAGE][PASSED] - Text 'User Management Dashboard' is present on page 

2019-03-29 10:14:45 - [TEST_STEP][PASSED] - delay(2): Delayed 2 second(s)

2019-03-29 10:14:47 - [MESSAGE][PASSED] - Delayed 2 second(s)

2019-03-29 10:14:47 - [TEST_STEP][PASSED] - click(findTestObject("Products/UserManagement/CreateUserAccount")): Object: 'Object Repository/Products/UserManagement/CreateUserAccount' is clicked on

2019-03-29 10:14:48 - [MESSAGE][PASSED] - Object: 'Object Repository/Products/UserManagement/CreateUserAccount' is clicked on

2019-03-29 10:14:48 - [TEST_STEP][PASSED] - verifyTextPresent("Create User Account", false): Text 'Create User Account' is present on page 

2019-03-29 10:14:48 - [MESSAGE][PASSED] - Text 'Create User Account' is present on page 

2019-03-29 10:14:48 - [TEST_STEP][PASSED] - waitForElementClickable(findTestObject("Products/UserManagement/Name"), 15): Object 'Object Repository/Products/UserManagement/Name' is clickable

2019-03-29 10:14:48 - [MESSAGE][PASSED] - Object 'Object Repository/Products/UserManagement/Name' is clickable

2019-03-29 10:14:48 - [TEST_STEP][PASSED] - setText(findTestObject("Products/UserManagement/Name"), "01-QAUser99"): Text '01-QAUser99' is set on object 'Object Repository/Products/UserManagement/Name'

2019-03-29 10:14:48 - [MESSAGE][PASSED] - Text '01-QAUser99' is set on object 'Object Repository/Products/UserManagement/Name'

2019-03-29 10:14:48 - [TEST_STEP][PASSED] - setText(findTestObject("Products/UserManagement/Email"), "01qauser99@kubra.com"): Text '01qauser99@kubra.com' is set on object 'Object Repository/Products/UserManagement/Email'

2019-03-29 10:14:48 - [MESSAGE][PASSED] - Text '01qauser99@kubra.com' is set on object 'Object Repository/Products/UserManagement/Email'

2019-03-29 10:14:48 - [TEST_STEP][PASSED] - click(findTestObject("Products/UserManagement/EditUserButton")): Object: 'Object Repository/Products/UserManagement/EditUserButton' is clicked on

2019-03-29 10:14:48 - [MESSAGE][PASSED] - Object: 'Object Repository/Products/UserManagement/EditUserButton' is clicked on

2019-03-29 10:14:48 - [TEST_STEP][PASSED] - delay(2): Delayed 2 second(s)

2019-03-29 10:14:50 - [MESSAGE][PASSED] - Delayed 2 second(s)

2019-03-29 10:14:50 - [TEST_STEP][PASSED] - setEncryptedText(findTestObject("Products/UserManagement/Password"), "lyykIguZc/Njb1wKikF68Q=="): Text ****** has been set on object 'Object Repository/Products/UserManagement/Password'

2019-03-29 10:14:50 - [MESSAGE][PASSED] - Text ****** has been set on object 'Object Repository/Products/UserManagement/Password'

2019-03-29 10:14:50 - [TEST_STEP][PASSED] - setEncryptedText(findTestObject("Products/UserManagement/PasswordConfirmation"), "lyykIguZc/Njb1wKikF68Q=="): Text ****** has been set on object 'Object Repository/Products/UserManagement/PasswordConfirmation'

2019-03-29 10:14:50 - [MESSAGE][PASSED] - Text ****** has been set on object 'Object Repository/Products/UserManagement/PasswordConfirmation'

2019-03-29 10:14:50 - [TEST_STEP][PASSED] - delay(5): Delayed 5 second(s)

2019-03-29 10:14:55 - [MESSAGE][PASSED] - Delayed 5 second(s)

2019-03-29 10:14:55 - [TEST_STEP][PASSED] - click(findTestObject("Products/UserManagement/SaveButton")): Object: 'Object Repository/Products/UserManagement/SaveButton' is clicked on

2019-03-29 10:14:56 - [MESSAGE][PASSED] - Object: 'Object Repository/Products/UserManagement/SaveButton' is clicked on

2019-03-29 10:14:56 - [TEST_STEP][PASSED] - waitForElementClickable(findTestObject("Products/UserManagement/CreateUserAccount"), 5): Web element with id: 'Object Repository/Products/UserManagement/CreateUserAccount' located by 'By.xpath: id("home-create-user-text-item")' not found

2019-03-29 10:15:01 - [MESSAGE][INFO] - Unable to find the element located by 'By.xpath: id("home-create-user-text-item")'. Please recheck the objects properties to make sure the desired element is located. 

2019-03-29 10:15:01 - [MESSAGE][WARNING] - Web element with id: 'Object Repository/Products/UserManagement/CreateUserAccount' located by 'By.xpath: id("home-create-user-text-item")' not found

2019-03-29 10:15:01 - [TEST_STEP][PASSED] - verifyTextPresent("Manage Users", false): Text 'Manage Users' is present on page 

2019-03-29 10:15:01 - [MESSAGE][PASSED] - Text 'Manage Users' is present on page 

2019-03-29 10:15:01 - [TEST_STEP][PASSED] - closeBrowser(): Browser is closed

2019-03-29 10:15:02 - [MESSAGE][PASSED] - Browser is closed]]></system-out>
         <system-err><![CDATA[]]></system-err>
      </testcase>
      <testcase name="Test Cases/Products/UserManagement/DeleteUser" classname="Test Cases/Products/UserManagement/DeleteUser" status="PASSED">
         <system-out><![CDATA[2019-03-29 10:15:02 - [TEST_CASE][PASSED] - Test Cases/Products/UserManagement/DeleteUser: Test Cases/Products/UserManagement/DeleteUser

2019-03-29 10:15:02 - [TEST_STEP][PASSED] - comment("Open browser to User Management App. and Create User"): Open browser to User Management App. and Create User

2019-03-29 10:15:02 - [MESSAGE][INFO] - Open browser to User Management App. and Create User

2019-03-29 10:15:02 - [TEST_STEP][PASSED] - callTestCase(findTestCase("Products/Cerberus/Login-Logout/UserMgmtLoginNC"), [:], STOP_ON_FAILURE): Call Test Case 'Test Cases/Products/Cerberus/Login-Logout/UserMgmtLoginNC' successfully

2019-03-29 10:15:02 - [TEST_CASE][PASSED] - Test Cases/Products/Cerberus/Login-Logout/UserMgmtLoginNC: Test Cases/Products/Cerberus/Login-Logout/UserMgmtLoginNC

2019-03-29 10:15:02 - [TEST_STEP][PASSED] - log = new com.kms.katalon.core.logging.KeywordLogger(): null

2019-03-29 10:15:02 - [TEST_STEP][PASSED] - comment("Open browser and Login"): Open browser and Login

2019-03-29 10:15:02 - [MESSAGE][INFO] - Open browser and Login

2019-03-29 10:15:02 - [TEST_STEP][PASSED] - openBrowser(G_DefaultSiteURL): Browser is opened with url: 'https://dev.kubra.io'

2019-03-29 10:15:02 - [MESSAGE][INFO] - Starting 'Firefox' driver

2019-03-29 10:15:05 - [MESSAGE][PASSED] - Browser is opened with url: 'https://dev.kubra.io'

2019-03-29 10:15:05 - [TEST_STEP][PASSED] - waitForPageLoad(G_ShortTimeout): Wait for page load successfully

2019-03-29 10:15:05 - [MESSAGE][PASSED] - Wait for page load successfully

2019-03-29 10:15:05 - [TEST_STEP][PASSED] - maximizeWindow(): Current window maximized

2019-03-29 10:15:06 - [MESSAGE][PASSED] - Current window maximized

2019-03-29 10:15:06 - [TEST_STEP][PASSED] - log.logWarning("--- Begin Login ---"): --- Begin Login ---

2019-03-29 10:15:06 - [MESSAGE][WARNING] - --- Begin Login ---

2019-03-29 10:15:06 - [TEST_STEP][PASSED] - log.logWarning("Logging in to environment - " + G_DefaultSiteURL): Logging in to environment - https://dev.kubra.io

2019-03-29 10:15:06 - [MESSAGE][WARNING] - Logging in to environment - https://dev.kubra.io

2019-03-29 10:15:06 - [TEST_STEP][PASSED] - waitForElementClickable(findTestObject("Products/Cerberus/LoginLogout/LogInWithGoogle"), 15): Object 'Object Repository/Products/Cerberus/LoginLogout/LogInWithGoogle' is clickable

2019-03-29 10:15:07 - [MESSAGE][PASSED] - Object 'Object Repository/Products/Cerberus/LoginLogout/LogInWithGoogle' is clickable

2019-03-29 10:15:07 - [TEST_STEP][PASSED] - delay(2): Delayed 2 second(s)

2019-03-29 10:15:09 - [MESSAGE][PASSED] - Delayed 2 second(s)

2019-03-29 10:15:09 - [TEST_STEP][PASSED] - click(findTestObject("Products/Cerberus/LoginLogout/LogInWithGoogle")): Object: 'Object Repository/Products/Cerberus/LoginLogout/LogInWithGoogle' is clicked on

2019-03-29 10:15:10 - [MESSAGE][PASSED] - Object: 'Object Repository/Products/Cerberus/LoginLogout/LogInWithGoogle' is clicked on

2019-03-29 10:15:10 - [TEST_STEP][PASSED] - waitForElementVisible(findTestObject("Products/Cerberus/LoginLogout/UserName"), 15): Object 'Object Repository/Products/Cerberus/LoginLogout/UserName' is visible

2019-03-29 10:15:10 - [MESSAGE][PASSED] - Object 'Object Repository/Products/Cerberus/LoginLogout/UserName' is visible

2019-03-29 10:15:10 - [TEST_STEP][PASSED] - setMaskedText(findTestObject("Products/Cerberus/LoginLogout/UserName"), "tempeqa@kubra.com"): Text '*****************' is set on object 'Object Repository/Products/Cerberus/LoginLogout/UserName'

2019-03-29 10:15:11 - [MESSAGE][PASSED] - Text '*****************' is set on object 'Object Repository/Products/Cerberus/LoginLogout/UserName'

2019-03-29 10:15:11 - [TEST_STEP][PASSED] - waitForElementVisible(findTestObject("Products/Cerberus/LoginLogout/UserNameNextButton"), 15): Object 'Object Repository/Products/Cerberus/LoginLogout/UserNameNextButton' is visible

2019-03-29 10:15:11 - [MESSAGE][PASSED] - Object 'Object Repository/Products/Cerberus/LoginLogout/UserNameNextButton' is visible

2019-03-29 10:15:11 - [TEST_STEP][PASSED] - click(findTestObject("Products/Cerberus/LoginLogout/UserNameNextButton")): Object: 'Object Repository/Products/Cerberus/LoginLogout/UserNameNextButton' is clicked on

2019-03-29 10:15:11 - [MESSAGE][PASSED] - Object: 'Object Repository/Products/Cerberus/LoginLogout/UserNameNextButton' is clicked on

2019-03-29 10:15:11 - [TEST_STEP][PASSED] - waitForElementVisible(findTestObject("Products/Cerberus/LoginLogout/Password"), 15): Object 'Object Repository/Products/Cerberus/LoginLogout/Password' is visible

2019-03-29 10:15:12 - [MESSAGE][PASSED] - Object 'Object Repository/Products/Cerberus/LoginLogout/Password' is visible

2019-03-29 10:15:12 - [TEST_STEP][PASSED] - setMaskedText(findTestObject("Products/Cerberus/LoginLogout/Password"), "qAisgr8!@"): Text '*********' is set on object 'Object Repository/Products/Cerberus/LoginLogout/Password'

2019-03-29 10:15:12 - [MESSAGE][PASSED] - Text '*********' is set on object 'Object Repository/Products/Cerberus/LoginLogout/Password'

2019-03-29 10:15:12 - [TEST_STEP][PASSED] - waitForElementClickable(findTestObject("Products/Cerberus/LoginLogout/PasswordNextButton"), 15): Object 'Object Repository/Products/Cerberus/LoginLogout/PasswordNextButton' is clickable

2019-03-29 10:15:12 - [MESSAGE][PASSED] - Object 'Object Repository/Products/Cerberus/LoginLogout/PasswordNextButton' is clickable

2019-03-29 10:15:12 - [TEST_STEP][PASSED] - click(findTestObject("Products/Cerberus/LoginLogout/PasswordNextButton")): Object: 'Object Repository/Products/Cerberus/LoginLogout/PasswordNextButton' is clicked on

2019-03-29 10:15:15 - [MESSAGE][PASSED] - Object: 'Object Repository/Products/Cerberus/LoginLogout/PasswordNextButton' is clicked on

2019-03-29 10:15:15 - [TEST_STEP][PASSED] - delay(5): Delayed 5 second(s)

2019-03-29 10:15:20 - [MESSAGE][PASSED] - Delayed 5 second(s)

2019-03-29 10:15:20 - [TEST_STEP][PASSED] - waitForElementClickable(findTestObject("Products/Cerberus/LoginLogout/TenantABCCompany"), 15): Object 'Object Repository/Products/Cerberus/LoginLogout/TenantABCCompany' is clickable

2019-03-29 10:15:20 - [MESSAGE][PASSED] - Object 'Object Repository/Products/Cerberus/LoginLogout/TenantABCCompany' is clickable

2019-03-29 10:15:20 - [TEST_STEP][PASSED] - click(findTestObject("Products/Cerberus/LoginLogout/TenantABCCompany")): Object: 'Object Repository/Products/Cerberus/LoginLogout/TenantABCCompany' is clicked on

2019-03-29 10:15:21 - [MESSAGE][PASSED] - Object: 'Object Repository/Products/Cerberus/LoginLogout/TenantABCCompany' is clicked on

2019-03-29 10:15:21 - [TEST_STEP][PASSED] - verifyElementText(findTestObject("Products/Cerberus/LoginLogout/TenantABCCompany"), "ABC Utility Company"): Actual text and expected text of test object 'Object Repository/Products/Cerberus/LoginLogout/TenantABCCompany' are matched.

2019-03-29 10:15:21 - [MESSAGE][PASSED] - Actual text and expected text of test object 'Object Repository/Products/Cerberus/LoginLogout/TenantABCCompany' are matched.

2019-03-29 10:15:21 - [TEST_STEP][PASSED] - waitForElementClickable(findTestObject("Products/Cerberus/LoginLogout/TenantSubmitButton"), 15): Object 'Object Repository/Products/Cerberus/LoginLogout/TenantSubmitButton' is clickable

2019-03-29 10:15:21 - [MESSAGE][PASSED] - Object 'Object Repository/Products/Cerberus/LoginLogout/TenantSubmitButton' is clickable

2019-03-29 10:15:21 - [TEST_STEP][PASSED] - click(findTestObject("Products/Cerberus/LoginLogout/TenantSubmitButton")): Object: 'Object Repository/Products/Cerberus/LoginLogout/TenantSubmitButton' is clicked on

2019-03-29 10:15:21 - [MESSAGE][PASSED] - Object: 'Object Repository/Products/Cerberus/LoginLogout/TenantSubmitButton' is clicked on

2019-03-29 10:15:21 - [TEST_STEP][PASSED] - click(findTestObject("Products/Cerberus/LoginLogout/UserMgmtCog")): Object: 'Object Repository/Products/Cerberus/LoginLogout/UserMgmtCog' is clicked on

2019-03-29 10:15:21 - [MESSAGE][PASSED] - Object: 'Object Repository/Products/Cerberus/LoginLogout/UserMgmtCog' is clicked on

2019-03-29 10:15:21 - [TEST_STEP][PASSED] - delay(2): Delayed 2 second(s)

2019-03-29 10:15:23 - [MESSAGE][PASSED] - Delayed 2 second(s)

2019-03-29 10:15:23 - [TEST_STEP][PASSED] - verifyTextPresent("User Management Dashboard", false): Text 'User Management Dashboard' is present on page 

2019-03-29 10:15:24 - [MESSAGE][PASSED] - Text 'User Management Dashboard' is present on page 

2019-03-29 10:15:24 - [MESSAGE][PASSED] - Call Test Case 'Test Cases/Products/Cerberus/Login-Logout/UserMgmtLoginNC' successfully

2019-03-29 10:15:24 - [TEST_STEP][PASSED] - waitForPageLoad(G_ShortTimeout): Wait for page load successfully

2019-03-29 10:15:24 - [MESSAGE][PASSED] - Wait for page load successfully

2019-03-29 10:15:24 - [TEST_STEP][PASSED] - comment("Create User"): Create User

2019-03-29 10:15:24 - [MESSAGE][INFO] - Create User

2019-03-29 10:15:24 - [TEST_STEP][PASSED] - verifyTextPresent("User Management Dashboard", false): Text 'User Management Dashboard' is present on page 

2019-03-29 10:15:24 - [MESSAGE][PASSED] - Text 'User Management Dashboard' is present on page 

2019-03-29 10:15:24 - [TEST_STEP][PASSED] - waitForElementClickable(findTestObject("Products/UserManagement/ManageUsers"), 15): Object 'Object Repository/Products/UserManagement/ManageUsers' is clickable

2019-03-29 10:15:24 - [MESSAGE][PASSED] - Object 'Object Repository/Products/UserManagement/ManageUsers' is clickable

2019-03-29 10:15:24 - [TEST_STEP][PASSED] - click(findTestObject("Products/UserManagement/ManageUsers")): Object: 'Object Repository/Products/UserManagement/ManageUsers' is clicked on

2019-03-29 10:15:24 - [MESSAGE][PASSED] - Object: 'Object Repository/Products/UserManagement/ManageUsers' is clicked on

2019-03-29 10:15:24 - [TEST_STEP][PASSED] - verifyTextPresent("Select a username below to edit contact information", false): Text 'Select a username below to edit contact information' is present on page 

2019-03-29 10:15:24 - [MESSAGE][PASSED] - Text 'Select a username below to edit contact information' is present on page 

2019-03-29 10:15:24 - [TEST_STEP][PASSED] - waitForElementClickable(findTestObject("Products/UserManagement/01-qa-user-99DeleteButton"), 15): Object 'Object Repository/Products/UserManagement/01-qa-user-99DeleteButton' is clickable

2019-03-29 10:15:24 - [MESSAGE][PASSED] - Object 'Object Repository/Products/UserManagement/01-qa-user-99DeleteButton' is clickable

2019-03-29 10:15:24 - [TEST_STEP][PASSED] - click(findTestObject("Products/UserManagement/01-qa-user-99DeleteButton")): Object: 'Object Repository/Products/UserManagement/01-qa-user-99DeleteButton' is clicked on

2019-03-29 10:15:25 - [MESSAGE][PASSED] - Object: 'Object Repository/Products/UserManagement/01-qa-user-99DeleteButton' is clicked on

2019-03-29 10:15:25 - [TEST_STEP][PASSED] - verifyTextPresent("01qauser99@kubra.com", false): Text '01qauser99@kubra.com' is present on page 

2019-03-29 10:15:25 - [MESSAGE][PASSED] - Text '01qauser99@kubra.com' is present on page 

2019-03-29 10:15:25 - [TEST_STEP][PASSED] - click(findTestObject("Products/UserManagement/ConfirmDeleteButton")): Object: 'Object Repository/Products/UserManagement/ConfirmDeleteButton' is clicked on

2019-03-29 10:15:25 - [MESSAGE][PASSED] - Object: 'Object Repository/Products/UserManagement/ConfirmDeleteButton' is clicked on

2019-03-29 10:15:25 - [TEST_STEP][PASSED] - waitForElementClickable(findTestObject("Products/UserManagement/01-qa-user-99DeleteButton"), 15): Object 'Object Repository/Products/UserManagement/01-qa-user-99DeleteButton' is clickable

2019-03-29 10:15:25 - [MESSAGE][PASSED] - Object 'Object Repository/Products/UserManagement/01-qa-user-99DeleteButton' is clickable

2019-03-29 10:15:25 - [TEST_STEP][PASSED] - verifyTextPresent("Manage Users", false): Text 'Manage Users' is present on page 

2019-03-29 10:15:26 - [MESSAGE][PASSED] - Text 'Manage Users' is present on page 

2019-03-29 10:15:26 - [TEST_STEP][PASSED] - verifyTextNotPresent("01qauser99@kubra.com", false): Text '01qauser99@kubra.com' is not present on page

2019-03-29 10:15:26 - [MESSAGE][PASSED] - Text '01qauser99@kubra.com' is not present on page

2019-03-29 10:15:26 - [TEST_STEP][PASSED] - closeBrowser(): Browser is closed

2019-03-29 10:15:26 - [MESSAGE][PASSED] - Browser is closed

2019-03-29 10:15:26 - [TEST_STEP][PASSED] - delay(4): Delayed 4 second(s)

2019-03-29 10:15:30 - [MESSAGE][PASSED] - Delayed 4 second(s)]]></system-out>
         <system-err><![CDATA[]]></system-err>
      </testcase>
      <system-out><![CDATA[2019-03-29 10:12:20 - [TEST_SUITE][FAILED] - UserManagement: Test Cases/Products/UserManagement/EditUser FAILED.
Reason:
com.kms.katalon.core.exception.StepFailedException: Unable to click on object 'Object Repository/Products/UserManagement/StormCenterInstanceAdmin'
	at com.kms.katalon.core.keyword.internal.KeywordMain.stepFailed(KeywordMain.groovy:48)
	at com.kms.katalon.core.webui.keyword.internal.WebUIKeywordMain.stepFailed(WebUIKeywordMain.groovy:65)
	at com.kms.katalon.core.webui.keyword.internal.WebUIKeywordMain.runKeyword(WebUIKeywordMain.groovy:27)
	at com.kms.katalon.core.webui.keyword.builtin.ClickKeyword.click(ClickKeyword.groovy:86)
	at com.kms.katalon.core.webui.keyword.builtin.ClickKeyword.execute(ClickKeyword.groovy:67)
	at com.kms.katalon.core.keyword.internal.KeywordExecutor.executeKeywordForPlatform(KeywordExecutor.groovy:56)
	at com.kms.katalon.core.webui.keyword.WebUiBuiltInKeywords.click(WebUiBuiltInKeywords.groovy:616)
	at com.kms.katalon.core.webui.keyword.WebUiBuiltInKeywords$click$3.call(Unknown Source)
	at EditUser.run(EditUser:53)
	at com.kms.katalon.core.main.ScriptEngine.run(ScriptEngine.java:194)
	at com.kms.katalon.core.main.ScriptEngine.runScriptAsRawText(ScriptEngine.java:119)
	at com.kms.katalon.core.main.TestCaseExecutor.runScript(TestCaseExecutor.java:331)
	at com.kms.katalon.core.main.TestCaseExecutor.doExecute(TestCaseExecutor.java:322)
	at com.kms.katalon.core.main.TestCaseExecutor.processExecutionPhase(TestCaseExecutor.java:301)
	at com.kms.katalon.core.main.TestCaseExecutor.accessMainPhase(TestCaseExecutor.java:293)
	at com.kms.katalon.core.main.TestCaseExecutor.execute(TestCaseExecutor.java:227)
	at com.kms.katalon.core.main.TestSuiteExecutor.accessTestCaseMainPhase(TestSuiteExecutor.java:129)
	at com.kms.katalon.core.main.TestSuiteExecutor.accessTestSuiteMainPhase(TestSuiteExecutor.java:112)
	at com.kms.katalon.core.main.TestSuiteExecutor.execute(TestSuiteExecutor.java:81)
	at com.kms.katalon.core.main.TestCaseMain.startTestSuite(TestCaseMain.java:157)
	at com.kms.katalon.core.main.TestCaseMain$startTestSuite$0.call(Unknown Source)
	at TempTestSuite1553879539335.run(TempTestSuite1553879539335.groovy:35)]]></system-out>
      <system-err><![CDATA[2019-03-29 10:12:20 - [TEST_SUITE][FAILED] - UserManagement: Test Cases/Products/UserManagement/EditUser FAILED.
Reason:
com.kms.katalon.core.exception.StepFailedException: Unable to click on object 'Object Repository/Products/UserManagement/StormCenterInstanceAdmin'
	at com.kms.katalon.core.keyword.internal.KeywordMain.stepFailed(KeywordMain.groovy:48)
	at com.kms.katalon.core.webui.keyword.internal.WebUIKeywordMain.stepFailed(WebUIKeywordMain.groovy:65)
	at com.kms.katalon.core.webui.keyword.internal.WebUIKeywordMain.runKeyword(WebUIKeywordMain.groovy:27)
	at com.kms.katalon.core.webui.keyword.builtin.ClickKeyword.click(ClickKeyword.groovy:86)
	at com.kms.katalon.core.webui.keyword.builtin.ClickKeyword.execute(ClickKeyword.groovy:67)
	at com.kms.katalon.core.keyword.internal.KeywordExecutor.executeKeywordForPlatform(KeywordExecutor.groovy:56)
	at com.kms.katalon.core.webui.keyword.WebUiBuiltInKeywords.click(WebUiBuiltInKeywords.groovy:616)
	at com.kms.katalon.core.webui.keyword.WebUiBuiltInKeywords$click$3.call(Unknown Source)
	at EditUser.run(EditUser:53)
	at com.kms.katalon.core.main.ScriptEngine.run(ScriptEngine.java:194)
	at com.kms.katalon.core.main.ScriptEngine.runScriptAsRawText(ScriptEngine.java:119)
	at com.kms.katalon.core.main.TestCaseExecutor.runScript(TestCaseExecutor.java:331)
	at com.kms.katalon.core.main.TestCaseExecutor.doExecute(TestCaseExecutor.java:322)
	at com.kms.katalon.core.main.TestCaseExecutor.processExecutionPhase(TestCaseExecutor.java:301)
	at com.kms.katalon.core.main.TestCaseExecutor.accessMainPhase(TestCaseExecutor.java:293)
	at com.kms.katalon.core.main.TestCaseExecutor.execute(TestCaseExecutor.java:227)
	at com.kms.katalon.core.main.TestSuiteExecutor.accessTestCaseMainPhase(TestSuiteExecutor.java:129)
	at com.kms.katalon.core.main.TestSuiteExecutor.accessTestSuiteMainPhase(TestSuiteExecutor.java:112)
	at com.kms.katalon.core.main.TestSuiteExecutor.execute(TestSuiteExecutor.java:81)
	at com.kms.katalon.core.main.TestCaseMain.startTestSuite(TestCaseMain.java:157)
	at com.kms.katalon.core.main.TestCaseMain$startTestSuite$0.call(Unknown Source)
	at TempTestSuite1553879539335.run(TempTestSuite1553879539335.groovy:35)]]></system-err>
   </testsuite>
</testsuites>
